D:\VisualStudio\VisualStudio2022\MSBuild\Microsoft\VC\v170\Microsoft.CppBuild.targets(531,5): warning MSB8028: Le répertoire intermédiaire (Debug\) contient des fichiers partagés provenant d'un autre projet (JeuDamesApp-main.vcxproj). Cela peut entraîner un comportement de nettoyage et de regénération incorrect.
  BoardDetector.cpp
D:\1 Scolarite\DI5\PRI\JeuDamesApp-main\JeuDamesApp\BoardDetector.cpp(21,20): warning C4018: '<' : incompatibilité signed/unsigned
D:\1 Scolarite\DI5\PRI\JeuDamesApp-main\JeuDamesApp\BoardDetector.cpp(23,58): warning C4244: 'argument' : conversion de '_Tp' en '_Tp', perte possible de données
D:\1 Scolarite\DI5\PRI\JeuDamesApp-main\JeuDamesApp\BoardDetector.cpp(23,58): warning C4244:         with
D:\1 Scolarite\DI5\PRI\JeuDamesApp-main\JeuDamesApp\BoardDetector.cpp(23,58): warning C4244:         [
D:\1 Scolarite\DI5\PRI\JeuDamesApp-main\JeuDamesApp\BoardDetector.cpp(23,58): warning C4244:             _Tp=float
D:\1 Scolarite\DI5\PRI\JeuDamesApp-main\JeuDamesApp\BoardDetector.cpp(23,58): warning C4244:         ]
D:\1 Scolarite\DI5\PRI\JeuDamesApp-main\JeuDamesApp\BoardDetector.cpp(23,58): warning C4244:         and
D:\1 Scolarite\DI5\PRI\JeuDamesApp-main\JeuDamesApp\BoardDetector.cpp(23,58): warning C4244:         [
D:\1 Scolarite\DI5\PRI\JeuDamesApp-main\JeuDamesApp\BoardDetector.cpp(23,58): warning C4244:             _Tp=int
D:\1 Scolarite\DI5\PRI\JeuDamesApp-main\JeuDamesApp\BoardDetector.cpp(23,58): warning C4244:         ]
D:\1 Scolarite\DI5\PRI\JeuDamesApp-main\JeuDamesApp\BoardDetector.cpp(23,43): warning C4244: 'argument' : conversion de '_Tp' en '_Tp', perte possible de données
D:\1 Scolarite\DI5\PRI\JeuDamesApp-main\JeuDamesApp\BoardDetector.cpp(23,43): warning C4244:         with
D:\1 Scolarite\DI5\PRI\JeuDamesApp-main\JeuDamesApp\BoardDetector.cpp(23,43): warning C4244:         [
D:\1 Scolarite\DI5\PRI\JeuDamesApp-main\JeuDamesApp\BoardDetector.cpp(23,43): warning C4244:             _Tp=float
D:\1 Scolarite\DI5\PRI\JeuDamesApp-main\JeuDamesApp\BoardDetector.cpp(23,43): warning C4244:         ]
D:\1 Scolarite\DI5\PRI\JeuDamesApp-main\JeuDamesApp\BoardDetector.cpp(23,43): warning C4244:         and
D:\1 Scolarite\DI5\PRI\JeuDamesApp-main\JeuDamesApp\BoardDetector.cpp(23,43): warning C4244:         [
D:\1 Scolarite\DI5\PRI\JeuDamesApp-main\JeuDamesApp\BoardDetector.cpp(23,43): warning C4244:             _Tp=int
D:\1 Scolarite\DI5\PRI\JeuDamesApp-main\JeuDamesApp\BoardDetector.cpp(23,43): warning C4244:         ]
D:\1 Scolarite\DI5\PRI\JeuDamesApp-main\JeuDamesApp\BoardDetector.cpp(23,74): warning C4244: 'argument' : conversion de '_Tp' en 'int', perte possible de données
D:\1 Scolarite\DI5\PRI\JeuDamesApp-main\JeuDamesApp\BoardDetector.cpp(23,74): warning C4244:         with
D:\1 Scolarite\DI5\PRI\JeuDamesApp-main\JeuDamesApp\BoardDetector.cpp(23,74): warning C4244:         [
D:\1 Scolarite\DI5\PRI\JeuDamesApp-main\JeuDamesApp\BoardDetector.cpp(23,74): warning C4244:             _Tp=float
D:\1 Scolarite\DI5\PRI\JeuDamesApp-main\JeuDamesApp\BoardDetector.cpp(23,74): warning C4244:         ]
D:\1 Scolarite\DI5\PRI\JeuDamesApp-main\JeuDamesApp\BoardDetector.cpp(38,20): warning C4018: '<' : incompatibilité signed/unsigned
D:\1 Scolarite\DI5\PRI\JeuDamesApp-main\JeuDamesApp\BoardDetector.cpp(41,58): warning C4244: 'argument' : conversion de '_Tp' en '_Tp', perte possible de données
D:\1 Scolarite\DI5\PRI\JeuDamesApp-main\JeuDamesApp\BoardDetector.cpp(41,58): warning C4244:         with
D:\1 Scolarite\DI5\PRI\JeuDamesApp-main\JeuDamesApp\BoardDetector.cpp(41,58): warning C4244:         [
D:\1 Scolarite\DI5\PRI\JeuDamesApp-main\JeuDamesApp\BoardDetector.cpp(41,58): warning C4244:             _Tp=float
D:\1 Scolarite\DI5\PRI\JeuDamesApp-main\JeuDamesApp\BoardDetector.cpp(41,58): warning C4244:         ]
D:\1 Scolarite\DI5\PRI\JeuDamesApp-main\JeuDamesApp\BoardDetector.cpp(41,58): warning C4244:         and
D:\1 Scolarite\DI5\PRI\JeuDamesApp-main\JeuDamesApp\BoardDetector.cpp(41,58): warning C4244:         [
D:\1 Scolarite\DI5\PRI\JeuDamesApp-main\JeuDamesApp\BoardDetector.cpp(41,58): warning C4244:             _Tp=int
D:\1 Scolarite\DI5\PRI\JeuDamesApp-main\JeuDamesApp\BoardDetector.cpp(41,58): warning C4244:         ]
D:\1 Scolarite\DI5\PRI\JeuDamesApp-main\JeuDamesApp\BoardDetector.cpp(41,43): warning C4244: 'argument' : conversion de '_Tp' en '_Tp', perte possible de données
D:\1 Scolarite\DI5\PRI\JeuDamesApp-main\JeuDamesApp\BoardDetector.cpp(41,43): warning C4244:         with
D:\1 Scolarite\DI5\PRI\JeuDamesApp-main\JeuDamesApp\BoardDetector.cpp(41,43): warning C4244:         [
D:\1 Scolarite\DI5\PRI\JeuDamesApp-main\JeuDamesApp\BoardDetector.cpp(41,43): warning C4244:             _Tp=float
D:\1 Scolarite\DI5\PRI\JeuDamesApp-main\JeuDamesApp\BoardDetector.cpp(41,43): warning C4244:         ]
D:\1 Scolarite\DI5\PRI\JeuDamesApp-main\JeuDamesApp\BoardDetector.cpp(41,43): warning C4244:         and
D:\1 Scolarite\DI5\PRI\JeuDamesApp-main\JeuDamesApp\BoardDetector.cpp(41,43): warning C4244:         [
D:\1 Scolarite\DI5\PRI\JeuDamesApp-main\JeuDamesApp\BoardDetector.cpp(41,43): warning C4244:             _Tp=int
D:\1 Scolarite\DI5\PRI\JeuDamesApp-main\JeuDamesApp\BoardDetector.cpp(41,43): warning C4244:         ]
D:\1 Scolarite\DI5\PRI\JeuDamesApp-main\JeuDamesApp\BoardDetector.cpp(41,74): warning C4244: 'argument' : conversion de '_Tp' en 'int', perte possible de données
D:\1 Scolarite\DI5\PRI\JeuDamesApp-main\JeuDamesApp\BoardDetector.cpp(41,74): warning C4244:         with
D:\1 Scolarite\DI5\PRI\JeuDamesApp-main\JeuDamesApp\BoardDetector.cpp(41,74): warning C4244:         [
D:\1 Scolarite\DI5\PRI\JeuDamesApp-main\JeuDamesApp\BoardDetector.cpp(41,74): warning C4244:             _Tp=float
D:\1 Scolarite\DI5\PRI\JeuDamesApp-main\JeuDamesApp\BoardDetector.cpp(41,74): warning C4244:         ]
D:\1 Scolarite\DI5\PRI\JeuDamesApp-main\JeuDamesApp\BoardDetector.cpp(49,20): warning C4018: '<' : incompatibilité signed/unsigned
D:\1 Scolarite\DI5\PRI\JeuDamesApp-main\JeuDamesApp\BoardDetector.cpp(51,65): warning C4244: 'argument' : conversion de '_Tp' en '_Tp', perte possible de données
D:\1 Scolarite\DI5\PRI\JeuDamesApp-main\JeuDamesApp\BoardDetector.cpp(51,65): warning C4244:         with
D:\1 Scolarite\DI5\PRI\JeuDamesApp-main\JeuDamesApp\BoardDetector.cpp(51,65): warning C4244:         [
D:\1 Scolarite\DI5\PRI\JeuDamesApp-main\JeuDamesApp\BoardDetector.cpp(51,65): warning C4244:             _Tp=float
D:\1 Scolarite\DI5\PRI\JeuDamesApp-main\JeuDamesApp\BoardDetector.cpp(51,65): warning C4244:         ]
D:\1 Scolarite\DI5\PRI\JeuDamesApp-main\JeuDamesApp\BoardDetector.cpp(51,65): warning C4244:         and
D:\1 Scolarite\DI5\PRI\JeuDamesApp-main\JeuDamesApp\BoardDetector.cpp(51,65): warning C4244:         [
D:\1 Scolarite\DI5\PRI\JeuDamesApp-main\JeuDamesApp\BoardDetector.cpp(51,65): warning C4244:             _Tp=int
D:\1 Scolarite\DI5\PRI\JeuDamesApp-main\JeuDamesApp\BoardDetector.cpp(51,65): warning C4244:         ]
D:\1 Scolarite\DI5\PRI\JeuDamesApp-main\JeuDamesApp\BoardDetector.cpp(51,48): warning C4244: 'argument' : conversion de '_Tp' en '_Tp', perte possible de données
D:\1 Scolarite\DI5\PRI\JeuDamesApp-main\JeuDamesApp\BoardDetector.cpp(51,48): warning C4244:         with
D:\1 Scolarite\DI5\PRI\JeuDamesApp-main\JeuDamesApp\BoardDetector.cpp(51,48): warning C4244:         [
D:\1 Scolarite\DI5\PRI\JeuDamesApp-main\JeuDamesApp\BoardDetector.cpp(51,48): warning C4244:             _Tp=float
D:\1 Scolarite\DI5\PRI\JeuDamesApp-main\JeuDamesApp\BoardDetector.cpp(51,48): warning C4244:         ]
D:\1 Scolarite\DI5\PRI\JeuDamesApp-main\JeuDamesApp\BoardDetector.cpp(51,48): warning C4244:         and
D:\1 Scolarite\DI5\PRI\JeuDamesApp-main\JeuDamesApp\BoardDetector.cpp(51,48): warning C4244:         [
D:\1 Scolarite\DI5\PRI\JeuDamesApp-main\JeuDamesApp\BoardDetector.cpp(51,48): warning C4244:             _Tp=int
D:\1 Scolarite\DI5\PRI\JeuDamesApp-main\JeuDamesApp\BoardDetector.cpp(51,48): warning C4244:         ]
D:\1 Scolarite\DI5\PRI\JeuDamesApp-main\JeuDamesApp\BoardDetector.cpp(52,3): warning C4102: 'cv' : étiquette non référencée
D:\1 Scolarite\DI5\PRI\JeuDamesApp-main\JeuDamesApp\BoardDetector.cpp(125,20): warning C4018: '<' : incompatibilité signed/unsigned
D:\1 Scolarite\DI5\PRI\JeuDamesApp-main\JeuDamesApp\BoardDetector.cpp(127,14): warning C4244: 'initialisation' : conversion de 'double' en 'int', perte possible de données
D:\1 Scolarite\DI5\PRI\JeuDamesApp-main\JeuDamesApp\BoardDetector.cpp(131,15): warning C4244: 'initialisation' : conversion de 'double' en 'float', perte possible de données
D:\1 Scolarite\DI5\PRI\JeuDamesApp-main\JeuDamesApp\BoardDetector.cpp(150,19): warning C4244: 'initialisation' : conversion de 'int' en 'float', perte possible de données
D:\1 Scolarite\DI5\PRI\JeuDamesApp-main\JeuDamesApp\BoardDetector.cpp(152,50): warning C4244: 'argument' : conversion de '_Tp' en '_Tp', perte possible de données
D:\1 Scolarite\DI5\PRI\JeuDamesApp-main\JeuDamesApp\BoardDetector.cpp(152,50): warning C4244:         with
D:\1 Scolarite\DI5\PRI\JeuDamesApp-main\JeuDamesApp\BoardDetector.cpp(152,50): warning C4244:         [
D:\1 Scolarite\DI5\PRI\JeuDamesApp-main\JeuDamesApp\BoardDetector.cpp(152,50): warning C4244:             _Tp=int
D:\1 Scolarite\DI5\PRI\JeuDamesApp-main\JeuDamesApp\BoardDetector.cpp(152,50): warning C4244:         ]
D:\1 Scolarite\DI5\PRI\JeuDamesApp-main\JeuDamesApp\BoardDetector.cpp(152,50): warning C4244:         and
D:\1 Scolarite\DI5\PRI\JeuDamesApp-main\JeuDamesApp\BoardDetector.cpp(152,50): warning C4244:         [
D:\1 Scolarite\DI5\PRI\JeuDamesApp-main\JeuDamesApp\BoardDetector.cpp(152,50): warning C4244:             _Tp=float
D:\1 Scolarite\DI5\PRI\JeuDamesApp-main\JeuDamesApp\BoardDetector.cpp(152,50): warning C4244:         ]
D:\1 Scolarite\DI5\PRI\JeuDamesApp-main\JeuDamesApp\BoardDetector.cpp(152,40): warning C4244: 'argument' : conversion de '_Tp' en '_Tp', perte possible de données
D:\1 Scolarite\DI5\PRI\JeuDamesApp-main\JeuDamesApp\BoardDetector.cpp(152,40): warning C4244:         with
D:\1 Scolarite\DI5\PRI\JeuDamesApp-main\JeuDamesApp\BoardDetector.cpp(152,40): warning C4244:         [
D:\1 Scolarite\DI5\PRI\JeuDamesApp-main\JeuDamesApp\BoardDetector.cpp(152,40): warning C4244:             _Tp=int
D:\1 Scolarite\DI5\PRI\JeuDamesApp-main\JeuDamesApp\BoardDetector.cpp(152,40): warning C4244:         ]
D:\1 Scolarite\DI5\PRI\JeuDamesApp-main\JeuDamesApp\BoardDetector.cpp(152,40): warning C4244:         and
D:\1 Scolarite\DI5\PRI\JeuDamesApp-main\JeuDamesApp\BoardDetector.cpp(152,40): warning C4244:         [
D:\1 Scolarite\DI5\PRI\JeuDamesApp-main\JeuDamesApp\BoardDetector.cpp(152,40): warning C4244:             _Tp=float
D:\1 Scolarite\DI5\PRI\JeuDamesApp-main\JeuDamesApp\BoardDetector.cpp(152,40): warning C4244:         ]
D:\1 Scolarite\DI5\PRI\JeuDamesApp-main\JeuDamesApp\BoardDetector.cpp(172,20): warning C4018: '<' : incompatibilité signed/unsigned
D:\1 Scolarite\DI5\PRI\JeuDamesApp-main\JeuDamesApp\BoardDetector.cpp(174,14): warning C4244: 'initialisation' : conversion de 'double' en 'int', perte possible de données
D:\1 Scolarite\DI5\PRI\JeuDamesApp-main\JeuDamesApp\BoardDetector.cpp(178,15): warning C4244: 'initialisation' : conversion de 'double' en 'float', perte possible de données
D:\1 Scolarite\DI5\PRI\JeuDamesApp-main\JeuDamesApp\BoardDetector.cpp(200,19): warning C4244: 'initialisation' : conversion de 'int' en 'float', perte possible de données
D:\1 Scolarite\DI5\PRI\JeuDamesApp-main\JeuDamesApp\BoardDetector.cpp(202,50): warning C4244: 'argument' : conversion de '_Tp' en '_Tp', perte possible de données
D:\1 Scolarite\DI5\PRI\JeuDamesApp-main\JeuDamesApp\BoardDetector.cpp(202,50): warning C4244:         with
D:\1 Scolarite\DI5\PRI\JeuDamesApp-main\JeuDamesApp\BoardDetector.cpp(202,50): warning C4244:         [
D:\1 Scolarite\DI5\PRI\JeuDamesApp-main\JeuDamesApp\BoardDetector.cpp(202,50): warning C4244:             _Tp=int
D:\1 Scolarite\DI5\PRI\JeuDamesApp-main\JeuDamesApp\BoardDetector.cpp(202,50): warning C4244:         ]
D:\1 Scolarite\DI5\PRI\JeuDamesApp-main\JeuDamesApp\BoardDetector.cpp(202,50): warning C4244:         and
D:\1 Scolarite\DI5\PRI\JeuDamesApp-main\JeuDamesApp\BoardDetector.cpp(202,50): warning C4244:         [
D:\1 Scolarite\DI5\PRI\JeuDamesApp-main\JeuDamesApp\BoardDetector.cpp(202,50): warning C4244:             _Tp=float
D:\1 Scolarite\DI5\PRI\JeuDamesApp-main\JeuDamesApp\BoardDetector.cpp(202,50): warning C4244:         ]
D:\1 Scolarite\DI5\PRI\JeuDamesApp-main\JeuDamesApp\BoardDetector.cpp(202,40): warning C4244: 'argument' : conversion de '_Tp' en '_Tp', perte possible de données
D:\1 Scolarite\DI5\PRI\JeuDamesApp-main\JeuDamesApp\BoardDetector.cpp(202,40): warning C4244:         with
D:\1 Scolarite\DI5\PRI\JeuDamesApp-main\JeuDamesApp\BoardDetector.cpp(202,40): warning C4244:         [
D:\1 Scolarite\DI5\PRI\JeuDamesApp-main\JeuDamesApp\BoardDetector.cpp(202,40): warning C4244:             _Tp=int
D:\1 Scolarite\DI5\PRI\JeuDamesApp-main\JeuDamesApp\BoardDetector.cpp(202,40): warning C4244:         ]
D:\1 Scolarite\DI5\PRI\JeuDamesApp-main\JeuDamesApp\BoardDetector.cpp(202,40): warning C4244:         and
D:\1 Scolarite\DI5\PRI\JeuDamesApp-main\JeuDamesApp\BoardDetector.cpp(202,40): warning C4244:         [
D:\1 Scolarite\DI5\PRI\JeuDamesApp-main\JeuDamesApp\BoardDetector.cpp(202,40): warning C4244:             _Tp=float
D:\1 Scolarite\DI5\PRI\JeuDamesApp-main\JeuDamesApp\BoardDetector.cpp(202,40): warning C4244:         ]
D:\1 Scolarite\DI5\PRI\JeuDamesApp-main\JeuDamesApp\BoardDetector.cpp(224,21): warning C4018: '<' : incompatibilité signed/unsigned
D:\1 Scolarite\DI5\PRI\JeuDamesApp-main\JeuDamesApp\BoardDetector.cpp(227,15): warning C4244: 'initialisation' : conversion de 'double' en 'float', perte possible de données
D:\1 Scolarite\DI5\PRI\JeuDamesApp-main\JeuDamesApp\BoardDetector.cpp(229,102): warning C4244: 'argument' : conversion de 'int' en '_Tp', perte possible de données
D:\1 Scolarite\DI5\PRI\JeuDamesApp-main\JeuDamesApp\BoardDetector.cpp(229,102): warning C4244:         with
D:\1 Scolarite\DI5\PRI\JeuDamesApp-main\JeuDamesApp\BoardDetector.cpp(229,102): warning C4244:         [
D:\1 Scolarite\DI5\PRI\JeuDamesApp-main\JeuDamesApp\BoardDetector.cpp(229,102): warning C4244:             _Tp=float
D:\1 Scolarite\DI5\PRI\JeuDamesApp-main\JeuDamesApp\BoardDetector.cpp(229,102): warning C4244:         ]
D:\1 Scolarite\DI5\PRI\JeuDamesApp-main\JeuDamesApp\BoardDetector.cpp(252,21): warning C4018: '<' : incompatibilité signed/unsigned
D:\1 Scolarite\DI5\PRI\JeuDamesApp-main\JeuDamesApp\BoardDetector.cpp(256,30): warning C4244: '=' : conversion de '_Tp' en 'uint', perte possible de données
D:\1 Scolarite\DI5\PRI\JeuDamesApp-main\JeuDamesApp\BoardDetector.cpp(256,30): warning C4244:         with
D:\1 Scolarite\DI5\PRI\JeuDamesApp-main\JeuDamesApp\BoardDetector.cpp(256,30): warning C4244:         [
D:\1 Scolarite\DI5\PRI\JeuDamesApp-main\JeuDamesApp\BoardDetector.cpp(256,30): warning C4244:             _Tp=float
D:\1 Scolarite\DI5\PRI\JeuDamesApp-main\JeuDamesApp\BoardDetector.cpp(256,30): warning C4244:         ]
D:\1 Scolarite\DI5\PRI\JeuDamesApp-main\JeuDamesApp\BoardDetector.cpp(271,22): warning C4018: '<' : incompatibilité signed/unsigned
D:\1 Scolarite\DI5\PRI\JeuDamesApp-main\JeuDamesApp\BoardDetector.cpp(275,29): warning C4244: '=' : conversion de '_Tp' en 'uint', perte possible de données
D:\1 Scolarite\DI5\PRI\JeuDamesApp-main\JeuDamesApp\BoardDetector.cpp(275,29): warning C4244:         with
D:\1 Scolarite\DI5\PRI\JeuDamesApp-main\JeuDamesApp\BoardDetector.cpp(275,29): warning C4244:         [
D:\1 Scolarite\DI5\PRI\JeuDamesApp-main\JeuDamesApp\BoardDetector.cpp(275,29): warning C4244:             _Tp=float
D:\1 Scolarite\DI5\PRI\JeuDamesApp-main\JeuDamesApp\BoardDetector.cpp(275,29): warning C4244:         ]
D:\1 Scolarite\DI5\PRI\JeuDamesApp-main\JeuDamesApp\BoardDetector.cpp(291,20): warning C4018: '<' : incompatibilité signed/unsigned
D:\1 Scolarite\DI5\PRI\JeuDamesApp-main\JeuDamesApp\BoardDetector.cpp(296,76): warning C4244: 'argument' : conversion de '_Tp' en '_Tp', perte possible de données
D:\1 Scolarite\DI5\PRI\JeuDamesApp-main\JeuDamesApp\BoardDetector.cpp(296,76): warning C4244:         with
D:\1 Scolarite\DI5\PRI\JeuDamesApp-main\JeuDamesApp\BoardDetector.cpp(296,76): warning C4244:         [
D:\1 Scolarite\DI5\PRI\JeuDamesApp-main\JeuDamesApp\BoardDetector.cpp(296,76): warning C4244:             _Tp=float
D:\1 Scolarite\DI5\PRI\JeuDamesApp-main\JeuDamesApp\BoardDetector.cpp(296,76): warning C4244:         ]
D:\1 Scolarite\DI5\PRI\JeuDamesApp-main\JeuDamesApp\BoardDetector.cpp(296,76): warning C4244:         and
D:\1 Scolarite\DI5\PRI\JeuDamesApp-main\JeuDamesApp\BoardDetector.cpp(296,76): warning C4244:         [
D:\1 Scolarite\DI5\PRI\JeuDamesApp-main\JeuDamesApp\BoardDetector.cpp(296,76): warning C4244:             _Tp=int
D:\1 Scolarite\DI5\PRI\JeuDamesApp-main\JeuDamesApp\BoardDetector.cpp(296,76): warning C4244:         ]
D:\1 Scolarite\DI5\PRI\JeuDamesApp-main\JeuDamesApp\BoardDetector.cpp(296,52): warning C4244: 'argument' : conversion de '_Tp' en '_Tp', perte possible de données
D:\1 Scolarite\DI5\PRI\JeuDamesApp-main\JeuDamesApp\BoardDetector.cpp(296,52): warning C4244:         with
D:\1 Scolarite\DI5\PRI\JeuDamesApp-main\JeuDamesApp\BoardDetector.cpp(296,52): warning C4244:         [
D:\1 Scolarite\DI5\PRI\JeuDamesApp-main\JeuDamesApp\BoardDetector.cpp(296,52): warning C4244:             _Tp=float
D:\1 Scolarite\DI5\PRI\JeuDamesApp-main\JeuDamesApp\BoardDetector.cpp(296,52): warning C4244:         ]
D:\1 Scolarite\DI5\PRI\JeuDamesApp-main\JeuDamesApp\BoardDetector.cpp(296,52): warning C4244:         and
D:\1 Scolarite\DI5\PRI\JeuDamesApp-main\JeuDamesApp\BoardDetector.cpp(296,52): warning C4244:         [
D:\1 Scolarite\DI5\PRI\JeuDamesApp-main\JeuDamesApp\BoardDetector.cpp(296,52): warning C4244:             _Tp=int
D:\1 Scolarite\DI5\PRI\JeuDamesApp-main\JeuDamesApp\BoardDetector.cpp(296,52): warning C4244:         ]
D:\1 Scolarite\DI5\PRI\JeuDamesApp-main\JeuDamesApp\BoardDetector.cpp(296,103): warning C4244: 'argument' : conversion de '_Tp' en 'int', perte possible de données
D:\1 Scolarite\DI5\PRI\JeuDamesApp-main\JeuDamesApp\BoardDetector.cpp(296,103): warning C4244:         with
D:\1 Scolarite\DI5\PRI\JeuDamesApp-main\JeuDamesApp\BoardDetector.cpp(296,103): warning C4244:         [
D:\1 Scolarite\DI5\PRI\JeuDamesApp-main\JeuDamesApp\BoardDetector.cpp(296,103): warning C4244:             _Tp=float
D:\1 Scolarite\DI5\PRI\JeuDamesApp-main\JeuDamesApp\BoardDetector.cpp(296,103): warning C4244:         ]
D:\1 Scolarite\DI5\PRI\JeuDamesApp-main\JeuDamesApp\BoardDetector.cpp(329,48): warning C4244: 'argument' : conversion de '_Tp' en '_Tp', perte possible de données
D:\1 Scolarite\DI5\PRI\JeuDamesApp-main\JeuDamesApp\BoardDetector.cpp(329,48): warning C4244:         with
D:\1 Scolarite\DI5\PRI\JeuDamesApp-main\JeuDamesApp\BoardDetector.cpp(329,48): warning C4244:         [
D:\1 Scolarite\DI5\PRI\JeuDamesApp-main\JeuDamesApp\BoardDetector.cpp(329,48): warning C4244:             _Tp=float
D:\1 Scolarite\DI5\PRI\JeuDamesApp-main\JeuDamesApp\BoardDetector.cpp(329,48): warning C4244:         ]
D:\1 Scolarite\DI5\PRI\JeuDamesApp-main\JeuDamesApp\BoardDetector.cpp(329,48): warning C4244:         and
D:\1 Scolarite\DI5\PRI\JeuDamesApp-main\JeuDamesApp\BoardDetector.cpp(329,48): warning C4244:         [
D:\1 Scolarite\DI5\PRI\JeuDamesApp-main\JeuDamesApp\BoardDetector.cpp(329,48): warning C4244:             _Tp=int
D:\1 Scolarite\DI5\PRI\JeuDamesApp-main\JeuDamesApp\BoardDetector.cpp(329,48): warning C4244:         ]
D:\1 Scolarite\DI5\PRI\JeuDamesApp-main\JeuDamesApp\BoardDetector.cpp(329,37): warning C4244: 'argument' : conversion de '_Tp' en '_Tp', perte possible de données
D:\1 Scolarite\DI5\PRI\JeuDamesApp-main\JeuDamesApp\BoardDetector.cpp(329,37): warning C4244:         with
D:\1 Scolarite\DI5\PRI\JeuDamesApp-main\JeuDamesApp\BoardDetector.cpp(329,37): warning C4244:         [
D:\1 Scolarite\DI5\PRI\JeuDamesApp-main\JeuDamesApp\BoardDetector.cpp(329,37): warning C4244:             _Tp=float
D:\1 Scolarite\DI5\PRI\JeuDamesApp-main\JeuDamesApp\BoardDetector.cpp(329,37): warning C4244:         ]
D:\1 Scolarite\DI5\PRI\JeuDamesApp-main\JeuDamesApp\BoardDetector.cpp(329,37): warning C4244:         and
D:\1 Scolarite\DI5\PRI\JeuDamesApp-main\JeuDamesApp\BoardDetector.cpp(329,37): warning C4244:         [
D:\1 Scolarite\DI5\PRI\JeuDamesApp-main\JeuDamesApp\BoardDetector.cpp(329,37): warning C4244:             _Tp=int
D:\1 Scolarite\DI5\PRI\JeuDamesApp-main\JeuDamesApp\BoardDetector.cpp(329,37): warning C4244:         ]
D:\1 Scolarite\DI5\PRI\JeuDamesApp-main\JeuDamesApp\BoardDetector.cpp(329,62): warning C4244: 'argument' : conversion de '_Tp' en 'int', perte possible de données
D:\1 Scolarite\DI5\PRI\JeuDamesApp-main\JeuDamesApp\BoardDetector.cpp(329,62): warning C4244:         with
D:\1 Scolarite\DI5\PRI\JeuDamesApp-main\JeuDamesApp\BoardDetector.cpp(329,62): warning C4244:         [
D:\1 Scolarite\DI5\PRI\JeuDamesApp-main\JeuDamesApp\BoardDetector.cpp(329,62): warning C4244:             _Tp=float
D:\1 Scolarite\DI5\PRI\JeuDamesApp-main\JeuDamesApp\BoardDetector.cpp(329,62): warning C4244:         ]
D:\1 Scolarite\DI5\PRI\JeuDamesApp-main\JeuDamesApp\BoardDetector.cpp(333,43): warning C4244: 'argument' : conversion de '_Tp' en '_Tp', perte possible de données
D:\1 Scolarite\DI5\PRI\JeuDamesApp-main\JeuDamesApp\BoardDetector.cpp(333,43): warning C4244:         with
D:\1 Scolarite\DI5\PRI\JeuDamesApp-main\JeuDamesApp\BoardDetector.cpp(333,43): warning C4244:         [
D:\1 Scolarite\DI5\PRI\JeuDamesApp-main\JeuDamesApp\BoardDetector.cpp(333,43): warning C4244:             _Tp=double
D:\1 Scolarite\DI5\PRI\JeuDamesApp-main\JeuDamesApp\BoardDetector.cpp(333,43): warning C4244:         ]
D:\1 Scolarite\DI5\PRI\JeuDamesApp-main\JeuDamesApp\BoardDetector.cpp(333,43): warning C4244:         and
D:\1 Scolarite\DI5\PRI\JeuDamesApp-main\JeuDamesApp\BoardDetector.cpp(333,43): warning C4244:         [
D:\1 Scolarite\DI5\PRI\JeuDamesApp-main\JeuDamesApp\BoardDetector.cpp(333,43): warning C4244:             _Tp=uchar
D:\1 Scolarite\DI5\PRI\JeuDamesApp-main\JeuDamesApp\BoardDetector.cpp(333,43): warning C4244:         ]
D:\1 Scolarite\DI5\PRI\JeuDamesApp-main\JeuDamesApp\BoardDetector.cpp(333,34): warning C4244: 'argument' : conversion de '_Tp' en '_Tp', perte possible de données
D:\1 Scolarite\DI5\PRI\JeuDamesApp-main\JeuDamesApp\BoardDetector.cpp(333,34): warning C4244:         with
D:\1 Scolarite\DI5\PRI\JeuDamesApp-main\JeuDamesApp\BoardDetector.cpp(333,34): warning C4244:         [
D:\1 Scolarite\DI5\PRI\JeuDamesApp-main\JeuDamesApp\BoardDetector.cpp(333,34): warning C4244:             _Tp=double
D:\1 Scolarite\DI5\PRI\JeuDamesApp-main\JeuDamesApp\BoardDetector.cpp(333,34): warning C4244:         ]
D:\1 Scolarite\DI5\PRI\JeuDamesApp-main\JeuDamesApp\BoardDetector.cpp(333,34): warning C4244:         and
D:\1 Scolarite\DI5\PRI\JeuDamesApp-main\JeuDamesApp\BoardDetector.cpp(333,34): warning C4244:         [
D:\1 Scolarite\DI5\PRI\JeuDamesApp-main\JeuDamesApp\BoardDetector.cpp(333,34): warning C4244:             _Tp=uchar
D:\1 Scolarite\DI5\PRI\JeuDamesApp-main\JeuDamesApp\BoardDetector.cpp(333,34): warning C4244:         ]
D:\1 Scolarite\DI5\PRI\JeuDamesApp-main\JeuDamesApp\BoardDetector.cpp(333,25): warning C4244: 'argument' : conversion de '_Tp' en '_Tp', perte possible de données
D:\1 Scolarite\DI5\PRI\JeuDamesApp-main\JeuDamesApp\BoardDetector.cpp(333,25): warning C4244:         with
D:\1 Scolarite\DI5\PRI\JeuDamesApp-main\JeuDamesApp\BoardDetector.cpp(333,25): warning C4244:         [
D:\1 Scolarite\DI5\PRI\JeuDamesApp-main\JeuDamesApp\BoardDetector.cpp(333,25): warning C4244:             _Tp=double
D:\1 Scolarite\DI5\PRI\JeuDamesApp-main\JeuDamesApp\BoardDetector.cpp(333,25): warning C4244:         ]
D:\1 Scolarite\DI5\PRI\JeuDamesApp-main\JeuDamesApp\BoardDetector.cpp(333,25): warning C4244:         and
D:\1 Scolarite\DI5\PRI\JeuDamesApp-main\JeuDamesApp\BoardDetector.cpp(333,25): warning C4244:         [
D:\1 Scolarite\DI5\PRI\JeuDamesApp-main\JeuDamesApp\BoardDetector.cpp(333,25): warning C4244:             _Tp=uchar
D:\1 Scolarite\DI5\PRI\JeuDamesApp-main\JeuDamesApp\BoardDetector.cpp(333,25): warning C4244:         ]
  JeuDamesApp.vcxproj -> D:\1 Scolarite\DI5\PRI\JeuDamesApp-main\Debug\JeuDamesApp.exe
