d:\1 scolarite\di5\pri\jeudamesapp-main\jeudamesapp\debug\vc143.pdb
d:\1 scolarite\di5\pri\jeudamesapp-main\jeudamesapp\debug\vc143.idb
d:\1 scolarite\di5\pri\jeudamesapp-main\jeudamesapp\debug\uicontroller.obj
d:\1 scolarite\di5\pri\jeudamesapp-main\jeudamesapp\debug\transpositiontable.obj
d:\1 scolarite\di5\pri\jeudamesapp-main\jeudamesapp\debug\statemachine.obj
d:\1 scolarite\di5\pri\jeudamesapp-main\jeudamesapp\debug\robot.obj
d:\1 scolarite\di5\pri\jeudamesapp-main\jeudamesapp\debug\negamax.obj
d:\1 scolarite\di5\pri\jeudamesapp-main\jeudamesapp\debug\mainmenu.obj
d:\1 scolarite\di5\pri\jeudamesapp-main\jeudamesapp\debug\main.obj
d:\1 scolarite\di5\pri\jeudamesapp-main\jeudamesapp\debug\gameui.obj
d:\1 scolarite\di5\pri\jeudamesapp-main\jeudamesapp\debug\framedetail.obj
d:\1 scolarite\di5\pri\jeudamesapp-main\jeudamesapp\debug\camera.obj
d:\1 scolarite\di5\pri\jeudamesapp-main\jeudamesapp\debug\button.obj
d:\1 scolarite\di5\pri\jeudamesapp-main\jeudamesapp\debug\boarddetector.obj
d:\1 scolarite\di5\pri\jeudamesapp-main\jeudamesapp\debug\board.obj
d:\1 scolarite\di5\pri\jeudamesapp-main\jeudamesapp\debug\jeudamesapp.tlog\cl.command.1.tlog
d:\1 scolarite\di5\pri\jeudamesapp-main\jeudamesapp\debug\jeudamesapp.tlog\cl.read.1.tlog
d:\1 scolarite\di5\pri\jeudamesapp-main\jeudamesapp\debug\jeudamesapp.tlog\cl.write.1.tlog
d:\1 scolarite\di5\pri\jeudamesapp-main\jeudamesapp\debug\jeudamesapp.tlog\link.command.1.tlog
d:\1 scolarite\di5\pri\jeudamesapp-main\jeudamesapp\debug\jeudamesapp.tlog\link.read.1.tlog
d:\1 scolarite\di5\pri\jeudamesapp-main\jeudamesapp\debug\jeudamesapp.tlog\link.write.1.tlog
